// 重构日志: c4c34cd5
// 重构日志: 7b25fba9
// 重构日志: 9cdd67eb
// 重构日志: e1c2db98
// 重构日志: 3c229d62
// 重构日志: d189663d
// 重构日志: b6e278c9
// 同步 ID: 67dc611a @ Sat Jun  6 01:16:02 UTC 2026
// 同步 ID: d52f2c41 @ Sat Jun  6 10:30:22 UTC 2026
// 重构日志: d9268420
// 同步 ID: cb2a3b12 @ Sun Jun 14 10:49:59 UTC 2026
// 重构日志: 66f5a1d7
// 同步 ID: a6971299 @ Wed Jun 17 05:34:26 UTC 2026
// 重构日志: 104924f8
// 重构日志: f5857a7a
// 同步 ID: 9f0fd971 @ Thu Jun 18 20:44:00 UTC 2026
// 重构日志: c740b697
// 同步 ID: e84cf2f2 @ Sat Jun 20 17:12:07 UTC 2026
// 同步 ID: 678639de @ Tue Jun 23 16:18:08 UTC 2026
// 重构日志: 955523eb
// 重构日志: a80776f8
// 重构日志: c6dc2220
// 重构日志: 76f46b97
// 同步 ID: 6ee7c336 @ Fri Jun 26 11:05:30 UTC 2026
